<?xml version="1.0" encoding="UTF-8"?>
<!-- Generated by org.testng.reporters.JUnitReportReporter -->
<testsuite hostname="GOKUs-MacBook-Pro.local" failures="0" tests="1" name="kene.StandAloneTest" time="15.458" errors="0" timestamp="2025-09-02T13:41:32 EDT" skipped="0">
  <testcase classname="kene.StandAloneTest" name="purchaseProduct" time="15.458"/>
</testsuite> <!-- kene.StandAloneTest -->
