<?xml version="1.0" encoding="UTF-8"?>
<!-- Generated by org.testng.reporters.JUnitReportReporter -->
<testsuite hostname="GOKUs-MacBook-Pro.local" failures="0" tests="1" name="cucumber.TestRunner" time="9.551" errors="0" timestamp="2025-09-02T13:41:32 EDT" skipped="0">
  <testcase classname="cucumber.TestRunner" name="runScenario" time="9.551"/>
</testsuite> <!-- cucumber.TestRunner -->
